/workspaces/cse549_ros_hs/src/ros2/install/tracetools_trace/lib/python3.8/site-packages/tracetools_trace/trace.py
/workspaces/cse549_ros_hs/src/ros2/install/tracetools_trace/lib/python3.8/site-packages/tracetools_trace/__init__.py
/workspaces/cse549_ros_hs/src/ros2/install/tracetools_trace/lib/python3.8/site-packages/tracetools_trace/tools/path.py
/workspaces/cse549_ros_hs/src/ros2/install/tracetools_trace/lib/python3.8/site-packages/tracetools_trace/tools/args.py
/workspaces/cse549_ros_hs/src/ros2/install/tracetools_trace/lib/python3.8/site-packages/tracetools_trace/tools/lttng.py
/workspaces/cse549_ros_hs/src/ros2/install/tracetools_trace/lib/python3.8/site-packages/tracetools_trace/tools/lttng_impl.py
/workspaces/cse549_ros_hs/src/ros2/install/tracetools_trace/lib/python3.8/site-packages/tracetools_trace/tools/__init__.py
/workspaces/cse549_ros_hs/src/ros2/install/tracetools_trace/lib/python3.8/site-packages/tracetools_trace/tools/names.py
/workspaces/cse549_ros_hs/src/ros2/install/tracetools_trace/lib/python3.8/site-packages/tracetools_trace/tools/lttng_stub.py
/workspaces/cse549_ros_hs/src/ros2/install/tracetools_trace/lib/python3.8/site-packages/tracetools_trace/__pycache__/trace.cpython-38.pyc
/workspaces/cse549_ros_hs/src/ros2/install/tracetools_trace/lib/python3.8/site-packages/tracetools_trace/__pycache__/__init__.cpython-38.pyc
/workspaces/cse549_ros_hs/src/ros2/install/tracetools_trace/lib/python3.8/site-packages/tracetools_trace/tools/__pycache__/path.cpython-38.pyc
/workspaces/cse549_ros_hs/src/ros2/install/tracetools_trace/lib/python3.8/site-packages/tracetools_trace/tools/__pycache__/args.cpython-38.pyc
/workspaces/cse549_ros_hs/src/ros2/install/tracetools_trace/lib/python3.8/site-packages/tracetools_trace/tools/__pycache__/lttng.cpython-38.pyc
/workspaces/cse549_ros_hs/src/ros2/install/tracetools_trace/lib/python3.8/site-packages/tracetools_trace/tools/__pycache__/lttng_impl.cpython-38.pyc
/workspaces/cse549_ros_hs/src/ros2/install/tracetools_trace/lib/python3.8/site-packages/tracetools_trace/tools/__pycache__/__init__.cpython-38.pyc
/workspaces/cse549_ros_hs/src/ros2/install/tracetools_trace/lib/python3.8/site-packages/tracetools_trace/tools/__pycache__/names.cpython-38.pyc
/workspaces/cse549_ros_hs/src/ros2/install/tracetools_trace/lib/python3.8/site-packages/tracetools_trace/tools/__pycache__/lttng_stub.cpython-38.pyc
/workspaces/cse549_ros_hs/src/ros2/install/tracetools_trace/share/tracetools_trace/package.xml
/workspaces/cse549_ros_hs/src/ros2/install/tracetools_trace/share/ament_index/resource_index/packages/tracetools_trace
/workspaces/cse549_ros_hs/src/ros2/install/tracetools_trace/lib/python3.8/site-packages/tracetools_trace-1.0.5-py3.8.egg-info/requires.txt
/workspaces/cse549_ros_hs/src/ros2/install/tracetools_trace/lib/python3.8/site-packages/tracetools_trace-1.0.5-py3.8.egg-info/top_level.txt
/workspaces/cse549_ros_hs/src/ros2/install/tracetools_trace/lib/python3.8/site-packages/tracetools_trace-1.0.5-py3.8.egg-info/dependency_links.txt
/workspaces/cse549_ros_hs/src/ros2/install/tracetools_trace/lib/python3.8/site-packages/tracetools_trace-1.0.5-py3.8.egg-info/entry_points.txt
/workspaces/cse549_ros_hs/src/ros2/install/tracetools_trace/lib/python3.8/site-packages/tracetools_trace-1.0.5-py3.8.egg-info/SOURCES.txt
/workspaces/cse549_ros_hs/src/ros2/install/tracetools_trace/lib/python3.8/site-packages/tracetools_trace-1.0.5-py3.8.egg-info/PKG-INFO
/workspaces/cse549_ros_hs/src/ros2/install/tracetools_trace/lib/tracetools_trace/trace
