[0.020s] Invoking command in '/workspaces/cse549_ros_hs/src/ros2/build/tracetools': CMAKE_PREFIX_PATH=${CMAKE_PREFIX_PATH}:/opt/ros/foxy /usr/bin/cmake /workspaces/cse549_ros_hs/src/ros2/ros2_tracing/tracetools -DCMAKE_INSTALL_PREFIX=/workspaces/cse549_ros_hs/src/ros2/install/tracetools
[0.117s] -- The C compiler identification is GNU 9.4.0
[0.207s] -- The CXX compiler identification is GNU 9.4.0
[0.214s] -- Check for working C compiler: /usr/bin/cc
[0.330s] -- Check for working C compiler: /usr/bin/cc -- works
[0.331s] -- Detecting C compiler ABI info
[0.446s] -- Detecting C compiler ABI info - done
[0.463s] -- Detecting C compile features
[0.464s] -- Detecting C compile features - done
[0.468s] -- Check for working CXX compiler: /usr/bin/c++
[0.600s] -- Check for working CXX compiler: /usr/bin/c++ -- works
[0.602s] -- Detecting CXX compiler ABI info
[0.734s] -- Detecting CXX compiler ABI info - done
[0.753s] -- Detecting CXX compile features
[0.754s] -- Detecting CXX compile features - done
[0.759s] -- Found ament_cmake_ros: 0.9.2 (/opt/ros/foxy/share/ament_cmake_ros/cmake)
[0.851s] -- Found PythonInterp: /usr/bin/python3 (found suitable version "3.8.10", minimum required is "3") 
[0.851s] -- Using PYTHON_EXECUTABLE: /usr/bin/python3
[1.145s] -- Found PkgConfig: /usr/bin/pkg-config (found version "0.29.1") 
[1.146s] -- Checking for module 'lttng-ust'
[1.167s] --   Found lttng-ust, version 2.11.0
[1.226s] LTTng found: tracing enabled
[1.235s] -- Found ament_lint_auto: 0.9.7 (/opt/ros/foxy/share/ament_lint_auto/cmake)
[1.421s] -- Added test 'copyright' to check source files copyright and LICENSE
[1.424s] -- Added test 'cppcheck' to perform static code analysis on C / C++ code
[1.424s] -- Configured cppcheck include dirs: /usr/include/x86_64-linux-gnu
[1.424s] -- Configured cppcheck exclude dirs and/or files: 
[1.426s] -- Added test 'cpplint' to check C / C++ code against the Google style
[1.426s] -- Configured cpplint exclude dirs and/or files: 
[1.427s] -- Added test 'lint_cmake' to check CMake code style
[1.430s] -- Added test 'uncrustify' to check C / C++ code style
[1.430s] -- Configured uncrustify additional arguments: 
[1.430s] -- Added test 'xmllint' to check XML markup files
[1.436s] -- Configuring done
[1.445s] -- Generating done
[1.448s] -- Build files have been written to: /workspaces/cse549_ros_hs/src/ros2/build/tracetools
[1.455s] Invoked command in '/workspaces/cse549_ros_hs/src/ros2/build/tracetools' returned '0': CMAKE_PREFIX_PATH=${CMAKE_PREFIX_PATH}:/opt/ros/foxy /usr/bin/cmake /workspaces/cse549_ros_hs/src/ros2/ros2_tracing/tracetools -DCMAKE_INSTALL_PREFIX=/workspaces/cse549_ros_hs/src/ros2/install/tracetools
[1.459s] Invoking command in '/workspaces/cse549_ros_hs/src/ros2/build/tracetools': CMAKE_PREFIX_PATH=${CMAKE_PREFIX_PATH}:/opt/ros/foxy /usr/bin/cmake --build /workspaces/cse549_ros_hs/src/ros2/build/tracetools -- -j32 -l32
[1.525s] [35m[1mScanning dependencies of target tracetools[0m
[1.551s] [ 16%] [32mBuilding CXX object CMakeFiles/tracetools.dir/src/utils.cpp.o[0m
[1.552s] [ 33%] [32mBuilding C object CMakeFiles/tracetools.dir/src/tracetools.c.o[0m
[1.552s] [ 50%] [32mBuilding C object CMakeFiles/tracetools.dir/src/tp_call.c.o[0m
[1.925s] [ 66%] [32m[1mLinking CXX shared library libtracetools.so[0m
[2.219s] [ 66%] Built target tracetools
[2.237s] [35m[1mScanning dependencies of target status[0m
[2.290s] [ 83%] [32mBuilding C object CMakeFiles/status.dir/src/status.c.o[0m
[2.353s] [100%] [32m[1mLinking C executable status[0m
[2.568s] [100%] Built target status
[2.587s] Invoked command in '/workspaces/cse549_ros_hs/src/ros2/build/tracetools' returned '0': CMAKE_PREFIX_PATH=${CMAKE_PREFIX_PATH}:/opt/ros/foxy /usr/bin/cmake --build /workspaces/cse549_ros_hs/src/ros2/build/tracetools -- -j32 -l32
[2.662s] Invoking command in '/workspaces/cse549_ros_hs/src/ros2/build/tracetools': CMAKE_PREFIX_PATH=${CMAKE_PREFIX_PATH}:/opt/ros/foxy /usr/bin/cmake --install /workspaces/cse549_ros_hs/src/ros2/build/tracetools
[2.675s] -- Install configuration: ""
[2.675s] -- Installing: /workspaces/cse549_ros_hs/src/ros2/install/tracetools/share/tracetools/environment/library_path.sh
[2.676s] -- Installing: /workspaces/cse549_ros_hs/src/ros2/install/tracetools/share/tracetools/environment/library_path.dsv
[2.676s] -- Installing: /workspaces/cse549_ros_hs/src/ros2/install/tracetools/lib/tracetools/status
[2.677s] -- Set runtime path of "/workspaces/cse549_ros_hs/src/ros2/install/tracetools/lib/tracetools/status" to ""
[2.677s] -- Installing: /workspaces/cse549_ros_hs/src/ros2/install/tracetools/include
[2.677s] -- Installing: /workspaces/cse549_ros_hs/src/ros2/install/tracetools/include/tracetools
[2.677s] -- Installing: /workspaces/cse549_ros_hs/src/ros2/install/tracetools/include/tracetools/config.h
[2.677s] -- Installing: /workspaces/cse549_ros_hs/src/ros2/install/tracetools/include/tracetools/utils.hpp
[2.677s] -- Installing: /workspaces/cse549_ros_hs/src/ros2/install/tracetools/include/tracetools/tp_call.h
[2.677s] -- Installing: /workspaces/cse549_ros_hs/src/ros2/install/tracetools/include/tracetools/visibility_control.hpp
[2.678s] -- Installing: /workspaces/cse549_ros_hs/src/ros2/install/tracetools/include/tracetools/tracetools.h
[2.678s] -- Installing: /workspaces/cse549_ros_hs/src/ros2/install/tracetools/lib/libtracetools.so
[2.679s] -- Installing: /workspaces/cse549_ros_hs/src/ros2/install/tracetools/share/ament_index/resource_index/package_run_dependencies/tracetools
[2.679s] -- Installing: /workspaces/cse549_ros_hs/src/ros2/install/tracetools/share/ament_index/resource_index/parent_prefix_path/tracetools
[2.679s] -- Installing: /workspaces/cse549_ros_hs/src/ros2/install/tracetools/share/tracetools/environment/ament_prefix_path.sh
[2.680s] -- Installing: /workspaces/cse549_ros_hs/src/ros2/install/tracetools/share/tracetools/environment/ament_prefix_path.dsv
[2.680s] -- Installing: /workspaces/cse549_ros_hs/src/ros2/install/tracetools/share/tracetools/environment/path.sh
[2.680s] -- Installing: /workspaces/cse549_ros_hs/src/ros2/install/tracetools/share/tracetools/environment/path.dsv
[2.680s] -- Installing: /workspaces/cse549_ros_hs/src/ros2/install/tracetools/share/tracetools/local_setup.bash
[2.681s] -- Installing: /workspaces/cse549_ros_hs/src/ros2/install/tracetools/share/tracetools/local_setup.sh
[2.681s] -- Installing: /workspaces/cse549_ros_hs/src/ros2/install/tracetools/share/tracetools/local_setup.zsh
[2.681s] -- Installing: /workspaces/cse549_ros_hs/src/ros2/install/tracetools/share/tracetools/local_setup.dsv
[2.681s] -- Installing: /workspaces/cse549_ros_hs/src/ros2/install/tracetools/share/tracetools/package.dsv
[2.681s] -- Installing: /workspaces/cse549_ros_hs/src/ros2/install/tracetools/share/ament_index/resource_index/packages/tracetools
[2.682s] -- Installing: /workspaces/cse549_ros_hs/src/ros2/install/tracetools/share/tracetools/cmake/tracetools_exportExport.cmake
[2.682s] -- Installing: /workspaces/cse549_ros_hs/src/ros2/install/tracetools/share/tracetools/cmake/tracetools_exportExport-noconfig.cmake
[2.682s] -- Installing: /workspaces/cse549_ros_hs/src/ros2/install/tracetools/share/tracetools/cmake/ament_cmake_export_targets-extras.cmake
[2.682s] -- Installing: /workspaces/cse549_ros_hs/src/ros2/install/tracetools/share/tracetools/cmake/ament_cmake_export_include_directories-extras.cmake
[2.683s] -- Installing: /workspaces/cse549_ros_hs/src/ros2/install/tracetools/share/tracetools/cmake/ament_cmake_export_libraries-extras.cmake
[2.683s] -- Installing: /workspaces/cse549_ros_hs/src/ros2/install/tracetools/share/tracetools/cmake/ament_cmake_export_link_flags-extras.cmake
[2.683s] -- Installing: /workspaces/cse549_ros_hs/src/ros2/install/tracetools/share/tracetools/cmake/tracetoolsConfig.cmake
[2.683s] -- Installing: /workspaces/cse549_ros_hs/src/ros2/install/tracetools/share/tracetools/cmake/tracetoolsConfig-version.cmake
[2.683s] -- Installing: /workspaces/cse549_ros_hs/src/ros2/install/tracetools/share/tracetools/package.xml
[2.687s] Invoked command in '/workspaces/cse549_ros_hs/src/ros2/build/tracetools' returned '0': CMAKE_PREFIX_PATH=${CMAKE_PREFIX_PATH}:/opt/ros/foxy /usr/bin/cmake --install /workspaces/cse549_ros_hs/src/ros2/build/tracetools
